2023-06-28 10:17:44.444  INFO 16852 --- [           main] c.i.e.openoffice.SpireDocApplication     : Starting SpireDocApplication using Java 1.8.0_333 on DESKTOP-LM6G76H with PID 16852 (F:\CDO\IOT-SH-2.X.X\iot-example-spring-boot-openoffice4\target\classes started by KenelLiu in F:\CDO\IOT-SH-2.X.X)
2023-06-28 10:17:44.449  INFO 16852 --- [           main] c.i.e.openoffice.SpireDocApplication     : No active profile set, falling back to 1 default profile: "default"
2023-06-28 10:17:46.512  INFO 16852 --- [           main] o.s.b.w.embedded.tomcat.TomcatWebServer  : Tomcat initialized with port(s): 8010 (http)
2023-06-28 10:17:46.528  INFO 16852 --- [           main] o.apache.catalina.core.StandardService   : Starting service [Tomcat]
2023-06-28 10:17:46.529  INFO 16852 --- [           main] org.apache.catalina.core.StandardEngine  : Starting Servlet engine: [Apache Tomcat/9.0.75]
2023-06-28 10:17:46.757  INFO 16852 --- [           main] o.a.c.c.C.[Tomcat].[localhost].[/]       : Initializing Spring embedded WebApplicationContext
2023-06-28 10:17:46.757  INFO 16852 --- [           main] w.s.c.ServletWebServerApplicationContext : Root WebApplicationContext: initialization completed in 2204 ms
2023-06-28 10:17:47.456  INFO 16852 --- [           main] o.s.b.w.embedded.tomcat.TomcatWebServer  : Tomcat started on port(s): 8010 (http) with context path ''
2023-06-28 10:17:47.469  INFO 16852 --- [           main] c.i.e.openoffice.SpireDocApplication     : Started SpireDocApplication in 4.11 seconds (JVM running for 4.861)
2023-06-28 10:18:58.667  INFO 16852 --- [nio-8010-exec-3] o.a.c.c.C.[Tomcat].[localhost].[/]       : Initializing Spring DispatcherServlet 'dispatcherServlet'
2023-06-28 10:18:58.668  INFO 16852 --- [nio-8010-exec-3] o.s.web.servlet.DispatcherServlet        : Initializing Servlet 'dispatcherServlet'
2023-06-28 10:18:58.670  INFO 16852 --- [nio-8010-exec-3] o.s.web.servlet.DispatcherServlet        : Completed initialization in 2 ms
2023-06-28 15:39:42.715  INFO 13016 --- [           main] c.i.e.openoffice.SpireDocApplication     : Starting SpireDocApplication using Java 1.8.0_333 on DESKTOP-LM6G76H with PID 13016 (F:\CDO\IOT-SH-2.X.X\iot-example-spring-boot-openoffice4\target\classes started by KenelLiu in F:\CDO\IOT-SH-2.X.X)
2023-06-28 15:39:42.719  INFO 13016 --- [           main] c.i.e.openoffice.SpireDocApplication     : No active profile set, falling back to 1 default profile: "default"
2023-06-28 15:39:44.804  INFO 13016 --- [           main] o.s.b.w.embedded.tomcat.TomcatWebServer  : Tomcat initialized with port(s): 8010 (http)
2023-06-28 15:39:44.823  INFO 13016 --- [           main] o.apache.catalina.core.StandardService   : Starting service [Tomcat]
2023-06-28 15:39:44.823  INFO 13016 --- [           main] org.apache.catalina.core.StandardEngine  : Starting Servlet engine: [Apache Tomcat/9.0.75]
2023-06-28 15:39:45.208  INFO 13016 --- [           main] o.a.c.c.C.[Tomcat].[localhost].[/]       : Initializing Spring embedded WebApplicationContext
2023-06-28 15:39:45.209  INFO 13016 --- [           main] w.s.c.ServletWebServerApplicationContext : Root WebApplicationContext: initialization completed in 2389 ms
2023-06-28 15:39:46.152  INFO 13016 --- [           main] o.s.b.w.embedded.tomcat.TomcatWebServer  : Tomcat started on port(s): 8010 (http) with context path ''
2023-06-28 15:39:46.178  INFO 13016 --- [           main] c.i.e.openoffice.SpireDocApplication     : Started SpireDocApplication in 4.771 seconds (JVM running for 5.776)
2023-06-28 15:40:54.782  INFO 13016 --- [nio-8010-exec-1] o.a.c.c.C.[Tomcat].[localhost].[/]       : Initializing Spring DispatcherServlet 'dispatcherServlet'
2023-06-28 15:40:54.782  INFO 13016 --- [nio-8010-exec-1] o.s.web.servlet.DispatcherServlet        : Initializing Servlet 'dispatcherServlet'
2023-06-28 15:40:54.787  INFO 13016 --- [nio-8010-exec-1] o.s.web.servlet.DispatcherServlet        : Completed initialization in 4 ms
